<?xml version="1.0" encoding="UTF-8"?>
<testng-results ignored="0" total="1" passed="1" failed="0" skipped="0">
  <reporter-output>
  </reporter-output>
  <suite started-at="2025-06-12T17:11:36 ECT" name="Surefire suite" finished-at="2025-06-12T17:11:36 ECT" duration-ms="81">
    <groups>
    </groups>
    <test started-at="2025-06-12T17:11:36 ECT" name="Surefire test" finished-at="2025-06-12T17:11:36 ECT" duration-ms="81">
      <class name="com.ejemplo.testng.AppTest">
        <test-method signature="testSuma()" started-at="2025-06-12T17:11:36 ECT" name="testSuma" finished-at="2025-06-12T17:11:36 ECT" duration-ms="21" status="PASS">
          <reporter-output>
          </reporter-output>
        </test-method> <!-- testSuma -->
      </class> <!-- com.ejemplo.testng.AppTest -->
    </test> <!-- Surefire test -->
  </suite> <!-- Surefire suite -->
</testng-results>
