<?xml version="1.0" encoding="UTF-8"?>
<testng-results ignored="0" total="2" passed="2" failed="0" skipped="0">
  <reporter-output>
  </reporter-output>
  <suite started-at="2025-06-12T17:11:20 ECT" name="Surefire suite" finished-at="2025-06-12T17:11:36 ECT" duration-ms="15904">
    <groups>
    </groups>
    <test started-at="2025-06-12T17:11:20 ECT" name="Surefire test" finished-at="2025-06-12T17:11:36 ECT" duration-ms="15904">
      <class name="com.ejemplo.testng.PurchaseFlowTest">
        <test-method is-config="true" signature="setUp()[pri:0, instance:com.ejemplo.testng.PurchaseFlowTest@240237d2]" started-at="2025-06-12T17:11:28 ECT" name="setUp" finished-at="2025-06-12T17:11:35 ECT" duration-ms="6220" status="PASS">
          <reporter-output>
          </reporter-output>
        </test-method> <!-- setUp -->
        <test-method signature="testAddSauceLabsBackpackToCart()[pri:0, instance:com.ejemplo.testng.PurchaseFlowTest@240237d2]" started-at="2025-06-12T17:11:35 ECT" name="testAddSauceLabsBackpackToCart" finished-at="2025-06-12T17:11:35 ECT" duration-ms="303" status="PASS">
          <reporter-output>
          </reporter-output>
        </test-method> <!-- testAddSauceLabsBackpackToCart -->
        <test-method is-config="true" signature="tearDown()[pri:0, instance:com.ejemplo.testng.PurchaseFlowTest@240237d2]" started-at="2025-06-12T17:11:35 ECT" name="tearDown" finished-at="2025-06-12T17:11:36 ECT" duration-ms="1225" status="PASS">
          <reporter-output>
          </reporter-output>
        </test-method> <!-- tearDown -->
      </class> <!-- com.ejemplo.testng.PurchaseFlowTest -->
      <class name="com.ejemplo.testng.LoginTest">
        <test-method is-config="true" signature="setUp()[pri:0, instance:com.ejemplo.testng.LoginTest@1a052a00]" started-at="2025-06-12T17:11:20 ECT" name="setUp" finished-at="2025-06-12T17:11:27 ECT" duration-ms="6386" status="PASS">
          <reporter-output>
          </reporter-output>
        </test-method> <!-- setUp -->
        <test-method signature="testLoginExitoso()[pri:0, instance:com.ejemplo.testng.LoginTest@1a052a00]" started-at="2025-06-12T17:11:27 ECT" name="testLoginExitoso" finished-at="2025-06-12T17:11:27 ECT" duration-ms="647" status="PASS">
          <reporter-output>
          </reporter-output>
        </test-method> <!-- testLoginExitoso -->
        <test-method is-config="true" signature="tearDown()[pri:0, instance:com.ejemplo.testng.LoginTest@1a052a00]" started-at="2025-06-12T17:11:27 ECT" name="tearDown" finished-at="2025-06-12T17:11:28 ECT" duration-ms="1094" status="PASS">
          <reporter-output>
          </reporter-output>
        </test-method> <!-- tearDown -->
      </class> <!-- com.ejemplo.testng.LoginTest -->
    </test> <!-- Surefire test -->
  </suite> <!-- Surefire suite -->
</testng-results>
