<?xml version="1.0" encoding="UTF-8"?>
<testsuite xmlns:xsi="http://www.w3.org/2001/XMLSchema-instance" xsi:noNamespaceSchemaLocation="https://maven.apache.org/surefire/maven-surefire-plugin/xsd/surefire-test-report.xsd" name="TestSuite" time="19.4" tests="10" errors="0" skipped="6" failures="3">
  <properties>
[...]
</properties>
  <testcase name="setUp" classname="com.ejemplo.testng.LoginTest" time="6.606">
    <failure type="java.lang.NullPointerException">java.lang.NullPointerException
	at com.ejemplo.testng.LoginTest.setUp(LoginTest.java:25)
</failure>
    <system-err><![CDATA[SLF4J: Failed to load class "org.slf4j.impl.StaticLoggerBinder".
SLF4J: Defaulting to no-operation (NOP) logger implementation
SLF4J: See http://www.slf4j.org/codes.html#StaticLoggerBinder for further details.
]]></system-err>
  </testcase>
  <testcase name="testLoginExitoso" classname="com.ejemplo.testng.LoginTest" time="0">
    <skipped/>
  </testcase>
  <testcase name="tearDown" classname="com.ejemplo.testng.LoginTest" time="0">
    <skipped/>
  </testcase>
  <testcase name="setUp" classname="com.ejemplo.testng.PurchaseFlowTest" time="4.721">
    <failure type="java.lang.NullPointerException">java.lang.NullPointerException
	at com.ejemplo.testng.PurchaseFlowTest.setUp(PurchaseFlowTest.java:29)
</failure>
  </testcase>
  <testcase name="testAddSauceLabsBackpackToCart" classname="com.ejemplo.testng.PurchaseFlowTest" time="0">
    <skipped/>
  </testcase>
  <testcase name="tearDown" classname="com.ejemplo.testng.PurchaseFlowTest" time="0">
    <skipped/>
  </testcase>
  <testcase name="setUp" classname="com.ejemplo.testng.PruebaLoginFuncional" time="7.132">
    <failure message="Could not start a new session. Response code 500. Message: Failed to decode response from marionette &#10;Host info: host: &apos;DESKTOP-E70T3B1&apos;, ip: &apos;192.168.100.89&apos;&#10;Build info: version: &apos;4.21.0&apos;, revision: &apos;79ed462ef4&apos;&#10;System info: os.name: &apos;Windows 11&apos;, os.arch: &apos;amd64&apos;, os.version: &apos;10.0&apos;, java.version: &apos;21.0.1&apos;&#10;Driver info: org.openqa.selenium.firefox.FirefoxDriver&#10;Command: [null, newSession {capabilities=[Capabilities {acceptInsecureCerts: true, browserName: firefox, moz:debuggerAddress: true, moz:firefoxOptions: {}}]}]" type="org.openqa.selenium.SessionNotCreatedException">org.openqa.selenium.SessionNotCreatedException: 
Could not start a new session. Response code 500. Message: Failed to decode response from marionette 
Host info: host: 'DESKTOP-E70T3B1', ip: '192.168.100.89'
Build info: version: '4.21.0', revision: '79ed462ef4'
System info: os.name: 'Windows 11', os.arch: 'amd64', os.version: '10.0', java.version: '21.0.1'
Driver info: org.openqa.selenium.firefox.FirefoxDriver
Command: [null, newSession {capabilities=[Capabilities {acceptInsecureCerts: true, browserName: firefox, moz:debuggerAddress: true, moz:firefoxOptions: {}}]}]
	at com.ejemplo.testng.PruebaLoginFuncional.setUp(PruebaLoginFuncional.java:26)
</failure>
  </testcase>
  <testcase name="testLoginFuncional" classname="com.ejemplo.testng.PruebaLoginFuncional" time="0">
    <skipped message="Could not start a new session. Response code 500. Message: Failed to decode response from marionette &#10;Host info: host: &apos;DESKTOP-E70T3B1&apos;, ip: &apos;192.168.100.89&apos;&#10;Build info: version: &apos;4.21.0&apos;, revision: &apos;79ed462ef4&apos;&#10;System info: os.name: &apos;Windows 11&apos;, os.arch: &apos;amd64&apos;, os.version: &apos;10.0&apos;, java.version: &apos;21.0.1&apos;&#10;Driver info: org.openqa.selenium.firefox.FirefoxDriver&#10;Command: [null, newSession {capabilities=[Capabilities {acceptInsecureCerts: true, browserName: firefox, moz:debuggerAddress: true, moz:firefoxOptions: {}}]}]"/>
  </testcase>
  <testcase name="tearDown" classname="com.ejemplo.testng.PruebaLoginFuncional" time="0">
    <skipped/>
  </testcase>
  <testcase name="testSuma" classname="com.ejemplo.testng.AppTest" time="0.015"/>
</testsuite>