<?xml version="1.0" encoding="UTF-8"?>
<!-- Generated by org.testng.reporters.JUnitXMLReporter -->
<testsuite ignored="0" hostname="DESKTOP-E70T3B1" failures="0" tests="1" name="Login Functionality Test" time="5.746" errors="0" timestamp="2025-06-16T13:55:43 ECT">
  <testcase classname="com.ejemplo.testng.LoginTest" name="@BeforeMethod setUp" time="5.409">
    <failure type="java.lang.NullPointerException">
      <![CDATA[java.lang.NullPointerException
at java.base/java.util.Objects.requireNonNull(Objects.java:233)
at java.base/java.util.ImmutableCollections$Map1.<init>(ImmutableCollections.java:1112)
at java.base/java.util.Map.of(Map.java:1365)
at org.openqa.selenium.remote.DriverCommand.GET(DriverCommand.java:180)
at org.openqa.selenium.remote.RemoteWebDriver.get(RemoteWebDriver.java:300)
at com.ejemplo.testng.LoginTest.setUp(LoginTest.java:25)
at java.base/java.util.ArrayList.forEach(ArrayList.java:1596)
... Removed 33 stack frames]]>
    </failure>
  </testcase> <!-- @BeforeMethod setUp -->
  <testcase classname="com.ejemplo.testng.LoginTest" name="@AfterMethod tearDown" time="0.0">
    <skipped/>
  </testcase> <!-- @AfterMethod tearDown -->
  <testcase classname="com.ejemplo.testng.LoginTest" name="testLoginExitoso" time="0.0">
    <skipped/>
  </testcase> <!-- testLoginExitoso -->
</testsuite> <!-- Login Functionality Test -->
